<?xml version="1.0" encoding="UTF-8"?>
<testsuite name="FlashcardsTest" tests="1" skipped="0" failures="0" errors="0" timestamp="2020-04-24T18:09:42" hostname="DESKTOP-G0EH5JJ" time="0.125">
  <properties/>
  <testcase name="start" classname="FlashcardsTest" time="0.125"/>
  <system-out><![CDATA[?[1;31m
Start test 1?[0m
Input the number of cards: 
> 3
The card #1: 
?[1;31m
Start test 2?[0m
Input the number of cards: 
> fm32
You've entered not numerical input. Try again:
?[1;31m
Start test 3?[0m
Input the number of cards: 
> 
You've entered not numerical input. Try again:
?[1;31m
Start test 4?[0m
Input the number of cards: 
> 2
The card #1: 
> first term
The definition of the card #1:
> first definition
The card #2: 
> second term
The definition of the card #2:
?[1;31m
Start test 5?[0m
Input the number of cards: 
> 2
The card #1: 
> first term
The definition of the card #1:
> first definition
The card #2: 
> first term
The card "first term" already exists. Try again: 
?[1;31m
Start test 6?[0m
Input the number of cards: 
> 3
The card #1: 
> first term
The definition of the card #1:
> first definition
The card #2: 
> second term
The definition of the card #2:
> second definition
The card #3: 
?[1;31m
Start test 7?[0m
Input the number of cards: 
> 2
The card #1: 
> first term
The definition of the card #1:
> first definition
The card #2: 
> second term
The definition of the card #2:
> second definition
Print the definition of "first term":
?[1;31m
Start test 8?[0m
Input the number of cards: 
> 2
The card #1: 
> first term
The definition of the card #1:
> first definition
The card #2: 
> second term
The definition of the card #2:
> first definition
The definition "first definition" already exists. Try again: 
?[1;31m
Start test 9?[0m
Input the number of cards: 
> 2
The card #1: 
> first term
The definition of the card #1:
> first definition
The card #2: 
> second term
The definition of the card #2:
> second definition
Print the definition of "first term":
> first definition
Correct answer.
Print the definition of "second term":
?[1;31m
Start test 10?[0m
Input the number of cards: 
> 2
The card #1: 
> first term
The definition of the card #1:
> first definition
The card #2: 
> second term
The definition of the card #2:
> second definition
Print the definition of "first term":
> second definition
Wrong answer. The correct one is "first definition", you've just written the definition of "java.util.stream.ReferencePipeline$3@7f9bbbd0".
Print the definition of "second term":
?[1;31m
Start test 11?[0m
Input the number of cards: 
> 2
The card #1: 
> first term
The definition of the card #1:
> first definition
The card #2: 
> second term
The definition of the card #2:
> second definition
Print the definition of "first term":
> third definition
Wrong answer. The correct one is "first definition".
Print the definition of "second term":
]]></system-out>
  <system-err><![CDATA[]]></system-err>
</testsuite>
